Added Pin To Net: NetName=M_TILT_PH Pin=U8-2
Added Pin To Net: NetName=M_ZOOM_FAULT Pin=U8-3
Added Pin To Net: NetName=M_ZOOM_PH Pin=U8-4
Added Pin To Net: NetName=ADC_W Pin=U8-8
Added Pin To Net: NetName=ADC_C Pin=U8-9
Added Pin To Net: NetName=M_PAN_IPROPI Pin=U8-10
Added Pin To Net: NetName=M_TILT_IPROPI Pin=U8-11
Added Pin To Net: NetName=M_ZOOM_IPROPI Pin=U8-14
Added Pin To Net: NetName=PAN_ADC Pin=U8-15
Added Pin To Net: NetName=TILT_ADC Pin=U8-16
Added Pin To Net: NetName=ZOOM_ADC Pin=U8-17
Added Pin To Net: NetName=M_PAN_FAULT Pin=U8-54
Added Pin To Net: NetName=M_PAN_PH Pin=U8-55
Added Pin To Net: NetName=PWM_W Pin=U8-56
Added Pin To Net: NetName=PWM_C Pin=U8-57
Added Pin To Net: NetName=M_PAN_EN Pin=U8-58
Added Pin To Net: NetName=M_TILT_EN Pin=U8-59
Added Pin To Net: NetName=M_ZOOM_EN Pin=U8-61
Added Pin To Net: NetName=M_TILT_FAULT Pin=U8-62
Change Net Name : Old Net Name=NetC1_2 New Net Name=NetC6_2
Change Net Name : Old Net Name=NetC2_1 New Net Name=NetC10_1
Change Net Name : Old Net Name=NetC2_2 New Net Name=NetC10_2
Change Net Name : Old Net Name=NetC3_1 New Net Name=NetC7_1
Change Net Name : Old Net Name=NetC4_1 New Net Name=NetC11_1
Change Net Name : Old Net Name=NetC9_2 New Net Name=NetC12_2
Change Net Name : Old Net Name=NetC10_1 New Net Name=NetC18_1
Change Net Name : Old Net Name=NetC10_2 New Net Name=NetC18_2
Change Net Name : Old Net Name=NetC14_2 New Net Name=NetC22_2
Change Net Name : Old Net Name=NetC15_2 New Net Name=NetC25_2
Change Net Name : Old Net Name=NetC19_1 New Net Name=NetC23_1
Change Net Name : Old Net Name=NetC19_2 New Net Name=NetC23_2
Change Net Name : Old Net Name=NetC20_1 New Net Name=NetC28_1
Change Net Name : Old Net Name=NetC20_2 New Net Name=NetC28_2
Change Net Name : Old Net Name=NetC28_1 New Net Name=NetC32_1
Change Net Name : Old Net Name=NetC28_2 New Net Name=NetC32_2
Change Net Name : Old Net Name=NetC29_2 New Net Name=NetC16_2
Change Net Name : Old Net Name=NetC31_2 New Net Name=NetC20_2
Change Net Name : Old Net Name=NetC32_2 New Net Name=NetC15_2
Change Net Name : Old Net Name=NetC38_2 New Net Name=NetC68_2
Change Net Name : Old Net Name=NetC39_2 New Net Name=NetC69_2
Change Net Name : Old Net Name=NetC40_2 New Net Name=NetC67_2
Change Net Name : Old Net Name=NetC41_1 New Net Name=NetC50_1
Change Net Name : Old Net Name=NetC41_2 New Net Name=NetC50_2
Change Net Name : Old Net Name=NetC42_1 New Net Name=NetC51_1
Change Net Name : Old Net Name=NetC42_2 New Net Name=NetC51_2
Change Net Name : Old Net Name=NetC43_1 New Net Name=NetC49_1
Change Net Name : Old Net Name=NetC43_2 New Net Name=NetC49_2
Change Net Name : Old Net Name=NetC44_2 New Net Name=NetC38_2
Change Net Name : Old Net Name=NetC45_2 New Net Name=NetC31_2
Change Net Name : Old Net Name=NetC46_2 New Net Name=NetC47_2
Change Net Name : Old Net Name=NetC47_1 New Net Name=NetC60_1
Change Net Name : Old Net Name=NetC48_1 New Net Name=NetC59_1
Change Net Name : Old Net Name=NetC49_1 New Net Name=NetC56_1
Change Net Name : Old Net Name=NetC53_2 New Net Name=NetC42_2
Change Net Name : Old Net Name=NetC54_2 New Net Name=NetC53_2
Change Net Name : Old Net Name=NetC55_2 New Net Name=NetC52_2
Change Net Name : Old Net Name=NetC59_1 New Net Name=NetC46_1
Change Net Name : Old Net Name=NetC59_2 New Net Name=NetC46_2
Change Net Name : Old Net Name=NetC64_1 New Net Name=NetC66_1
Change Net Name : Old Net Name=NetC66_2 New Net Name=NetC54_2
Change Net Name : Old Net Name=NetD6_1 New Net Name=NetD3_1
Change Net Name : Old Net Name=NetH1_3 New Net Name=NetH4_3
Change Net Name : Old Net Name=NetH1_4 New Net Name=NetH4_4
Change Net Name : Old Net Name=NetH2_2 New Net Name=NetH1_2
Change Net Name : Old Net Name=NetH2_3 New Net Name=NetH1_3
Change Net Name : Old Net Name=NetH3_2 New Net Name=NetH2_2
Change Net Name : Old Net Name=NetH3_3 New Net Name=NetH2_3
Change Net Name : Old Net Name=NetJ3_1 New Net Name=NetJ1_1
Change Net Name : Old Net Name=NetJ4_1 New Net Name=NetJ6_1
Change Net Name : Old Net Name=NetJ4_2 New Net Name=NetJ6_2
Change Net Name : Old Net Name=NetJ6_1 New Net Name=NetJ4_1
Change Net Name : Old Net Name=NetJ6_2 New Net Name=NetJ4_2
Change Net Name : Old Net Name=NetQ2_1 New Net Name=NetQ3_1
Change Net Name : Old Net Name=NetQ2_2 New Net Name=NetQ3_2
Change Net Name : Old Net Name=NetQ3_1 New Net Name=NetQ2_1
Change Net Name : Old Net Name=NetQ3_2 New Net Name=NetQ2_2
Change Net Name : Old Net Name=NetR7_1 New Net Name=NetR4_1
Change Net Name : Old Net Name=NetR9_2 New Net Name=NetR16_2
Change Net Name : Old Net Name=NetR11_1 New Net Name=NetR46_2
Change Net Name : Old Net Name=NetR11_2 New Net Name=NetR47_2
Change Net Name : Old Net Name=NetR12_1 New Net Name=NetR9_1
Change Net Name : Old Net Name=NetR14_1 New Net Name=NetR34_1
Change Net Name : Old Net Name=NetR17_1 New Net Name=NetR31_1
Change Net Name : Old Net Name=NetR19_1 New Net Name=NetR27_1
Change Net Name : Old Net Name=NetR23_2 New Net Name=NetR45_2
Change Net Name : Old Net Name=NetR24_1 New Net Name=NetR21_2
Change Net Name : Old Net Name=NetR30_1 New Net Name=NetR3_1
Change Net Name : Old Net Name=NetR32_1 New Net Name=NetR8_1
Change Net Name : Old Net Name=NetR33_2 New Net Name=NetR12_2
Change Net Name : Old Net Name=NetR37_1 New Net Name=NetR30_2
Change Net Name : Old Net Name=NetR39_1 New Net Name=NetR64_2
Change Net Name : Old Net Name=NetR39_2 New Net Name=NetR65_2
Change Net Name : Old Net Name=NetR42_1 New Net Name=NetR32_1
Change Net Name : Old Net Name=NetR45_1 New Net Name=NetR28_1
Change Net Name : Old Net Name=NetR49_2 New Net Name=NetR33_2
Change Net Name : Old Net Name=NetR64_1 New Net Name=NetR69_1
Change Net Name : Old Net Name=NetR65_1 New Net Name=NetR60_1
Change Net Name : Old Net Name=NetR66_1 New Net Name=NetR75_1
Change Net Name : Old Net Name=NetR73_1 New Net Name=NetR55_1
Change Net Name : Old Net Name=NetR75_1 New Net Name=NetR78_1
Change Net Name : Old Net Name=NetR77_2 New Net Name=NetR62_2
Change Net Name : Old Net Name=NetR87_1 New Net Name=NetR49_1
Change Net Name : Old Net Name=NetR88_1 New Net Name=NetR61_1
Added Member To Class: ClassName=Sheet1 Member=Component C3 100nF
Added Member To Class: ClassName=Sheet1 Member=Component C4 1uF
Added Member To Class: ClassName=Sheet1 Member=Component C5 100nF
Added Member To Class: ClassName=Sheet1 Member=Component C6 2.2uF 100V
Added Member To Class: ClassName=Sheet1 Member=Component C8 100nF
Added Member To Class: ClassName=Sheet1 Member=Component C9 100nF
Added Member To Class: ClassName=Sheet1 Member=Component C10 100nF
Added Member To Class: ClassName=Sheet1 Member=Component C11 100nF
Added Member To Class: ClassName=Sheet1 Member=Component C13 100nF
Added Member To Class: ClassName=Sheet1 Member=Component C14 100nF
Added Member To Class: ClassName=Sheet1 Member=Component C17 1uF
Added Member To Class: ClassName=Sheet1 Member=Component C18 100nF
Added Member To Class: ClassName=Sheet1 Member=Component C19 100nF
Added Member To Class: ClassName=Sheet1 Member=Component C20 100nF
Added Member To Class: ClassName=Sheet1 Member=Component C22 100nF
Added Member To Class: ClassName=Sheet1 Member=Component C25 100nF
Added Member To Class: ClassName=Sheet1 Member=Component C26 100nF
Added Member To Class: ClassName=Sheet1 Member=Component C27 100nF
Added Member To Class: ClassName=Sheet1 Member=Component C28 100nF
Added Member To Class: ClassName=Sheet1 Member=Component C30 100nF
Added Member To Class: ClassName=Sheet1 Member=Component C31 100nF
Added Member To Class: ClassName=Sheet1 Member=Component C32 100nF
Added Member To Class: ClassName=Sheet1 Member=Component C34 1uF
Added Member To Class: ClassName=Sheet1 Member=Component C35 100nF
Added Member To Class: ClassName=Sheet1 Member=Component C36 100nF
Added Member To Class: ClassName=Sheet1 Member=Component C38 100nF
Added Member To Class: ClassName=Sheet1 Member=Component C40 100nF
Added Member To Class: ClassName=Sheet1 Member=Component C43 100nF
Added Member To Class: ClassName=Sheet1 Member=Component C44 100nF
Added Member To Class: ClassName=Sheet1 Member=Component C48 100nF
Added Member To Class: ClassName=Sheet1 Member=Component C51 100nF
Added Member To Class: ClassName=Sheet1 Member=Component C53 100nF
Added Member To Class: ClassName=Sheet1 Member=Component C55 100nF
Added Member To Class: ClassName=Sheet1 Member=Component C60 100nF
Added Member To Class: ClassName=Sheet1 Member=Component C62 100nF
Added Member To Class: ClassName=Sheet1 Member=Component C64 100nF
Added Member To Class: ClassName=Sheet1 Member=Component C68 100nF
Added Member To Class: ClassName=Sheet1 Member=Component C69 100nF
Added Member To Class: ClassName=Sheet1 Member=Component D4 ZENER
Added Member To Class: ClassName=Sheet1 Member=Component D6 ZENER
Added Member To Class: ClassName=Sheet1 Member=Component H2 Header1*3
Added Member To Class: ClassName=Sheet1 Member=Component H3 Header1*3
Added Member To Class: ClassName=Sheet1 Member=Component H5 Header1*3
Added Member To Class: ClassName=Sheet1 Member=Component J1 PCT
Added Member To Class: ClassName=Sheet1 Member=Component J6 PCT
Added Member To Class: ClassName=Sheet1 Member=Component Q3 D2PAK_NMOS
Added Member To Class: ClassName=Sheet1 Member=Component R1 1K
Added Member To Class: ClassName=Sheet1 Member=Component R7 1K
Added Member To Class: ClassName=Sheet1 Member=Component R8 1K
Added Member To Class: ClassName=Sheet1 Member=Component R9 1K
Added Member To Class: ClassName=Sheet1 Member=Component R10 1K
Added Member To Class: ClassName=Sheet1 Member=Component R15 1K
Added Member To Class: ClassName=Sheet1 Member=Component R16 1K
Added Member To Class: ClassName=Sheet1 Member=Component R17 1K
Added Member To Class: ClassName=Sheet1 Member=Component R18 1K
Added Member To Class: ClassName=Sheet1 Member=Component R19 1K
Added Member To Class: ClassName=Sheet1 Member=Component R20 0R
Added Member To Class: ClassName=Sheet1 Member=Component R21 1K
Added Member To Class: ClassName=Sheet1 Member=Component R23 1K
Added Member To Class: ClassName=Sheet1 Member=Component R27 1K
Added Member To Class: ClassName=Sheet1 Member=Component R28 1K
Added Member To Class: ClassName=Sheet1 Member=Component R30 1K
Added Member To Class: ClassName=Sheet1 Member=Component R31 1K
Added Member To Class: ClassName=Sheet1 Member=Component R33 1K
Added Member To Class: ClassName=Sheet1 Member=Component R37 1K
Added Member To Class: ClassName=Sheet1 Member=Component R38 1K
Added Member To Class: ClassName=Sheet1 Member=Component R39 1K
Added Member To Class: ClassName=Sheet1 Member=Component R42 1K
Added Member To Class: ClassName=Sheet1 Member=Component R44 1K
Added Member To Class: ClassName=Sheet1 Member=Component R46 1K
Added Member To Class: ClassName=Sheet1 Member=Component R47 1K
Added Member To Class: ClassName=Sheet1 Member=Component R54 1K
Added Member To Class: ClassName=Sheet1 Member=Component R56 1K
Added Member To Class: ClassName=Sheet1 Member=Component R57 1K
Added Member To Class: ClassName=Sheet1 Member=Component R61 1K
Added Member To Class: ClassName=Sheet1 Member=Component R63 1K
Added Member To Class: ClassName=Sheet1 Member=Component R68 1K
Added Member To Class: ClassName=Sheet1 Member=Component R69 1K
Added Member To Class: ClassName=Sheet1 Member=Component R71 1K
Added Member To Class: ClassName=Sheet1 Member=Component R73 1K
Added Member To Class: ClassName=Sheet1 Member=Component R76 1K
Added Member To Class: ClassName=Sheet1 Member=Component R77 1K
Added Member To Class: ClassName=Sheet1 Member=Component R78 1K
Added Member To Class: ClassName=Sheet1 Member=Component R81 1K
Added Member To Class: ClassName=Sheet1 Member=Component R82 1K
Added Member To Class: ClassName=Sheet1 Member=Component R84 1K
Added Member To Class: ClassName=Sheet1 Member=Component R86 1K
Added Member To Class: ClassName=Sheet1 Member=Component R88 .5R
Added Member To Class: ClassName=Sheet1 Member=Component R89 .5R
Added Member To Class: ClassName=Sheet1 Member=Component U6 MXHV9910BE
Added Member To Class: ClassName=Sheet1 Member=Component U8 STM32F103RET6
Added Member To Class: ClassName=Sheet1 Member=Component U9 TPS54202DDCR
Added Member To Class: ClassName=Sheet1 Member=Component U10 W25Qxx
Added Member To Class: ClassName=Sheet1 Member=Component U11 LM358
Added Member To Class: ClassName=Sheet1 Member=Component U12 AMS1117 3.3
Added Room: Name=Sheet1
