Added Component: Designator=*(SWD)
Add component. Clean all parameters for all variants
Added Component: Designator=C1(CAP 1210)
Add component. Clean all parameters for all variants
Added Component: Designator=C2(CAP0603)
Add component. Clean all parameters for all variants
Added Component: Designator=C3(CAP0603)
Add component. Clean all parameters for all variants
Added Component: Designator=C4(CAP0603)
Add component. Clean all parameters for all variants
Added Component: Designator=C5(CAP1206)
Add component. Clean all parameters for all variants
Added Component: Designator=C6(CAP1206)
Add component. Clean all parameters for all variants
Added Component: Designator=C7(CAP0603)
Add component. Clean all parameters for all variants
Added Component: Designator=C8(CAP0603)
Add component. Clean all parameters for all variants
Added Component: Designator=C9(CAP0603)
Add component. Clean all parameters for all variants
Added Component: Designator=C10(CAP0603)
Add component. Clean all parameters for all variants
Added Component: Designator=C11(CAP0603)
Add component. Clean all parameters for all variants
Added Component: Designator=C12(CAP1206)
Add component. Clean all parameters for all variants
Added Component: Designator=C13(CAP0603)
Add component. Clean all parameters for all variants
Added Component: Designator=C14(CAP0603)
Add component. Clean all parameters for all variants
Added Component: Designator=C15(CAP0603)
Add component. Clean all parameters for all variants
Added Component: Designator=C16(CAP1206)
Add component. Clean all parameters for all variants
Added Component: Designator=C17(CAP1206)
Add component. Clean all parameters for all variants
Added Component: Designator=C18(CAP0603)
Add component. Clean all parameters for all variants
Added Component: Designator=C19(CAP0603)
Add component. Clean all parameters for all variants
Added Component: Designator=C20(CAP0603)
Add component. Clean all parameters for all variants
Added Component: Designator=C21(CAP0603)
Add component. Clean all parameters for all variants
Added Component: Designator=C22(CAP1206)
Add component. Clean all parameters for all variants
Added Component: Designator=C23(CAP0603)
Add component. Clean all parameters for all variants
Added Component: Designator=C24(CAP0603)
Add component. Clean all parameters for all variants
Added Component: Designator=C25(CAP0603)
Add component. Clean all parameters for all variants
Added Component: Designator=C26(CAP0603)
Add component. Clean all parameters for all variants
Added Component: Designator=C27(CAP0603)
Add component. Clean all parameters for all variants
Added Component: Designator=C28(CAP0603)
Add component. Clean all parameters for all variants
Added Component: Designator=C29(CAP0603)
Add component. Clean all parameters for all variants
Added Component: Designator=C30(CAP0603)
Add component. Clean all parameters for all variants
Added Component: Designator=C31(CAP0603)
Add component. Clean all parameters for all variants
Added Component: Designator=C32(CAP0603)
Add component. Clean all parameters for all variants
Added Component: Designator=C33(CAP0603)
Add component. Clean all parameters for all variants
Added Component: Designator=C34(CAP0603)
Add component. Clean all parameters for all variants
Added Component: Designator=C35(CAP0603)
Add component. Clean all parameters for all variants
Added Component: Designator=C36(CAP0603)
Add component. Clean all parameters for all variants
Added Component: Designator=C37(CAP0603)
Add component. Clean all parameters for all variants
Added Component: Designator=C38(CAP0603)
Add component. Clean all parameters for all variants
Added Component: Designator=C39(CAP0603)
Add component. Clean all parameters for all variants
Added Component: Designator=C40(CAP0603)
Add component. Clean all parameters for all variants
Added Component: Designator=C41(CAP0603)
Add component. Clean all parameters for all variants
Added Component: Designator=C42(CAP0603)
Add component. Clean all parameters for all variants
Added Component: Designator=C43(CAP0603)
Add component. Clean all parameters for all variants
Added Component: Designator=C44(CAP0603)
Add component. Clean all parameters for all variants
Added Component: Designator=C45(CAP0603)
Add component. Clean all parameters for all variants
Added Component: Designator=C46(CAP0603)
Add component. Clean all parameters for all variants
Added Component: Designator=C47(CAP0603)
Add component. Clean all parameters for all variants
Added Component: Designator=C48(CAP0603)
Add component. Clean all parameters for all variants
Added Component: Designator=C49(CAP0603)
Add component. Clean all parameters for all variants
Added Component: Designator=C50(CAP0603)
Add component. Clean all parameters for all variants
Added Component: Designator=C51(CAP0603)
Add component. Clean all parameters for all variants
Added Component: Designator=C52(CAP0603)
Add component. Clean all parameters for all variants
Added Component: Designator=C53(CAP0603)
Add component. Clean all parameters for all variants
Added Component: Designator=C54(CAP0603)
Add component. Clean all parameters for all variants
Added Component: Designator=C55(CAP0603)
Add component. Clean all parameters for all variants
Added Component: Designator=C56(CAP0603)
Add component. Clean all parameters for all variants
Added Component: Designator=C57(CAP0603)
Add component. Clean all parameters for all variants
Added Component: Designator=C58(CAP0603)
Add component. Clean all parameters for all variants
Added Component: Designator=C59(CAP0603)
Add component. Clean all parameters for all variants
Added Component: Designator=C60(CAP0603)
Add component. Clean all parameters for all variants
Added Component: Designator=C61(CAP0603)
Add component. Clean all parameters for all variants
Added Component: Designator=C62(CAP0603)
Add component. Clean all parameters for all variants
Added Component: Designator=C63(CAP0603)
Add component. Clean all parameters for all variants
Added Component: Designator=C64(CAP0603)
Add component. Clean all parameters for all variants
Added Component: Designator=C65(CAP0603)
Add component. Clean all parameters for all variants
Added Component: Designator=C66(CAP0603)
Add component. Clean all parameters for all variants
Added Component: Designator=C67(CAP0603)
Add component. Clean all parameters for all variants
Added Component: Designator=C68(CAP0603)
Add component. Clean all parameters for all variants
Added Component: Designator=C69(CAP0603)
Add component. Clean all parameters for all variants
Added Component: Designator=C70(CAP0603)
Add component. Clean all parameters for all variants
Added Component: Designator=C71(CAP0603)
Add component. Clean all parameters for all variants
Added Component: Designator=C72(CAP0603)
Add component. Clean all parameters for all variants
Added Component: Designator=D1(SS36)
Add component. Clean all parameters for all variants
Added Component: Designator=D2(ZENER)
Add component. Clean all parameters for all variants
Added Component: Designator=D3(ZENER)
Add component. Clean all parameters for all variants
Added Component: Designator=D4(ZENER)
Add component. Clean all parameters for all variants
Added Component: Designator=D5(ZENER)
Add component. Clean all parameters for all variants
Added Component: Designator=GSM(IPX Connector)
Add component. Clean all parameters for all variants
Added Component: Designator=H1(HEADER1*4)
Add component. Clean all parameters for all variants
Added Component: Designator=H2(HEADER1*3)
Add component. Clean all parameters for all variants
Add component (AddParameter): Name = "LatestRevisionDate"; Value = "17-Jul-2002"; VariantName = "[No Variations]"
Add component (AddParameter): Name = "LatestRevisionNote"; Value = "Re-released for DXP Platform."; VariantName = "[No Variations]"
Add component (AddParameter): Name = "Publisher"; Value = "Altium Limited"; VariantName = "[No Variations]"
Added Component: Designator=H3(HEADER1*3)
Add component. Clean all parameters for all variants
Add component (AddParameter): Name = "LatestRevisionDate"; Value = "17-Jul-2002"; VariantName = "[No Variations]"
Add component (AddParameter): Name = "LatestRevisionNote"; Value = "Re-released for DXP Platform."; VariantName = "[No Variations]"
Add component (AddParameter): Name = "Publisher"; Value = "Altium Limited"; VariantName = "[No Variations]"
Added Component: Designator=H4(HEADER1*3)
Add component. Clean all parameters for all variants
Add component (AddParameter): Name = "LatestRevisionDate"; Value = "17-Jul-2002"; VariantName = "[No Variations]"
Add component (AddParameter): Name = "LatestRevisionNote"; Value = "Re-released for DXP Platform."; VariantName = "[No Variations]"
Add component (AddParameter): Name = "Publisher"; Value = "Altium Limited"; VariantName = "[No Variations]"
Added Component: Designator=H5(HEADER1*3)
Add component. Clean all parameters for all variants
Add component (AddParameter): Name = "LatestRevisionDate"; Value = "17-Jul-2002"; VariantName = "[No Variations]"
Add component (AddParameter): Name = "LatestRevisionNote"; Value = "Re-released for DXP Platform."; VariantName = "[No Variations]"
Add component (AddParameter): Name = "Publisher"; Value = "Altium Limited"; VariantName = "[No Variations]"
Added Component: Designator=H6(HEADER1*3)
Add component. Clean all parameters for all variants
Add component (AddParameter): Name = "LatestRevisionDate"; Value = "17-Jul-2002"; VariantName = "[No Variations]"
Add component (AddParameter): Name = "LatestRevisionNote"; Value = "Re-released for DXP Platform."; VariantName = "[No Variations]"
Add component (AddParameter): Name = "Publisher"; Value = "Altium Limited"; VariantName = "[No Variations]"
Added Component: Designator=H7(HEADER1*3)
Add component. Clean all parameters for all variants
Add component (AddParameter): Name = "LatestRevisionDate"; Value = "17-Jul-2002"; VariantName = "[No Variations]"
Add component (AddParameter): Name = "LatestRevisionNote"; Value = "Re-released for DXP Platform."; VariantName = "[No Variations]"
Add component (AddParameter): Name = "Publisher"; Value = "Altium Limited"; VariantName = "[No Variations]"
Added Component: Designator=J1(Power Connector Straght)
Add component. Clean all parameters for all variants
Added Component: Designator=J2(Power Connector Straght)
Add component. Clean all parameters for all variants
Added Component: Designator=J3(Power Connector Straght)
Add component. Clean all parameters for all variants
Added Component: Designator=J4(Power Connector Straght)
Add component. Clean all parameters for all variants
Added Component: Designator=J5(Power Connector Straght)
Add component. Clean all parameters for all variants
Added Component: Designator=J6(Power Connector Straght)
Add component. Clean all parameters for all variants
Added Component: Designator=L1(INDUCTOR  10*10)
Add component. Clean all parameters for all variants
Added Component: Designator=L2(INDUCTOR 7*7)
Add component. Clean all parameters for all variants
Added Component: Designator=L3(INDUCTOR 7*7)
Add component. Clean all parameters for all variants
Added Component: Designator=L4(RES0603)
Add component. Clean all parameters for all variants
Added Component: Designator=L5(RES0603)
Add component. Clean all parameters for all variants
Added Component: Designator=L6(RES0603)
Add component. Clean all parameters for all variants
Added Component: Designator=LCD1(TFT LCD 2.2inch  QVGA)
Add component. Clean all parameters for all variants
Added Component: Designator=M1(MOUNTING)
Add component. Clean all parameters for all variants
Added Component: Designator=M2(MOUNTING)
Add component. Clean all parameters for all variants
Added Component: Designator=M3(MOUNTING)
Add component. Clean all parameters for all variants
Added Component: Designator=M4(MOUNTING)
Add component. Clean all parameters for all variants
Added Component: Designator=Q1(BC817)
Add component. Clean all parameters for all variants
Added Component: Designator=Q2(D2PAK_NMOS)
Add component. Clean all parameters for all variants
Added Component: Designator=Q3(D2PAK_NMOS)
Add component. Clean all parameters for all variants
Added Component: Designator=R1(RES2512)
Add component. Clean all parameters for all variants
Added Component: Designator=R2(RES0603)
Add component. Clean all parameters for all variants
Added Component: Designator=R3(RES0603)
Add component. Clean all parameters for all variants
Added Component: Designator=R4(RES0603)
Add component. Clean all parameters for all variants
Added Component: Designator=R5(RES0603)
Add component. Clean all parameters for all variants
Added Component: Designator=R6(RES0603)
Add component. Clean all parameters for all variants
Added Component: Designator=R7(RES0603)
Add component. Clean all parameters for all variants
Added Component: Designator=R8(RES0603)
Add component. Clean all parameters for all variants
Added Component: Designator=R9(RES0603)
Add component. Clean all parameters for all variants
Added Component: Designator=R10(RES0603)
Add component. Clean all parameters for all variants
Added Component: Designator=R11(RES0603)
Add component. Clean all parameters for all variants
Added Component: Designator=R12(RES0603)
Add component. Clean all parameters for all variants
Added Component: Designator=R13(RES0603)
Add component. Clean all parameters for all variants
Added Component: Designator=R14(RES0603)
Add component. Clean all parameters for all variants
Added Component: Designator=R15(RES0603)
Add component. Clean all parameters for all variants
Added Component: Designator=R16(RES0603)
Add component. Clean all parameters for all variants
Added Component: Designator=R17(RES0603)
Add component. Clean all parameters for all variants
Added Component: Designator=R18(RES0603)
Add component. Clean all parameters for all variants
Added Component: Designator=R19(RES0603)
Add component. Clean all parameters for all variants
Added Component: Designator=R20(RES0603)
Add component. Clean all parameters for all variants
Added Component: Designator=R21(RES0603)
Add component. Clean all parameters for all variants
Added Component: Designator=R22(RES0603)
Add component. Clean all parameters for all variants
Added Component: Designator=R23(RES0603)
Add component. Clean all parameters for all variants
Added Component: Designator=R24(RES0603)
Add component. Clean all parameters for all variants
Added Component: Designator=R25(RES2512)
Add component. Clean all parameters for all variants
Added Component: Designator=R26(RES0603)
Add component. Clean all parameters for all variants
Added Component: Designator=R27(RES0603)
Add component. Clean all parameters for all variants
Added Component: Designator=R28(RES0603)
Add component. Clean all parameters for all variants
Added Component: Designator=R29(RES0603)
Add component. Clean all parameters for all variants
Added Component: Designator=R30(RES0603)
Add component. Clean all parameters for all variants
Added Component: Designator=R31(RES0603)
Add component. Clean all parameters for all variants
Added Component: Designator=R32(RES0603)
Add component. Clean all parameters for all variants
Added Component: Designator=R33(RES0603)
Add component. Clean all parameters for all variants
Added Component: Designator=R34(RES0603)
Add component. Clean all parameters for all variants
Added Component: Designator=R35(RES0603)
Add component. Clean all parameters for all variants
Added Component: Designator=R36(RES0603)
Add component. Clean all parameters for all variants
Added Component: Designator=R37(RES0603)
Add component. Clean all parameters for all variants
Added Component: Designator=R38(RES0603)
Add component. Clean all parameters for all variants
Added Component: Designator=R39(RES0603)
Add component. Clean all parameters for all variants
Added Component: Designator=R40(RES0603)
Add component. Clean all parameters for all variants
Added Component: Designator=R41(RES0603)
Add component. Clean all parameters for all variants
Added Component: Designator=R42(RES0603)
Add component. Clean all parameters for all variants
Added Component: Designator=R43(RES0603)
Add component. Clean all parameters for all variants
Added Component: Designator=R44(RES0603)
Add component. Clean all parameters for all variants
Added Component: Designator=R45(RES0603)
Add component. Clean all parameters for all variants
Added Component: Designator=R46(RES0603)
Add component. Clean all parameters for all variants
Added Component: Designator=R47(RES0603)
Add component. Clean all parameters for all variants
Added Component: Designator=R48(RES0603)
Add component. Clean all parameters for all variants
Added Component: Designator=R49(RES0603)
Add component. Clean all parameters for all variants
Added Component: Designator=R50(RES2512)
Add component. Clean all parameters for all variants
Added Component: Designator=R51(RES0603)
Add component. Clean all parameters for all variants
Added Component: Designator=R52(RES0603)
Add component. Clean all parameters for all variants
Added Component: Designator=R53(RES0603)
Add component. Clean all parameters for all variants
Added Component: Designator=R54(RES0603)
Add component. Clean all parameters for all variants
Added Component: Designator=R55(RES0603)
Add component. Clean all parameters for all variants
Added Component: Designator=R56(RES0603)
Add component. Clean all parameters for all variants
Added Component: Designator=R57(RES0603)
Add component. Clean all parameters for all variants
Added Component: Designator=R58(RES0603)
Add component. Clean all parameters for all variants
Added Component: Designator=R59(RES0603)
Add component. Clean all parameters for all variants
Added Component: Designator=R60(RES0603)
Add component. Clean all parameters for all variants
Added Component: Designator=R61(RES0603)
Add component. Clean all parameters for all variants
Added Component: Designator=R62(RES0603)
Add component. Clean all parameters for all variants
Added Component: Designator=R63(RES0603)
Add component. Clean all parameters for all variants
Added Component: Designator=R64(RES0603)
Add component. Clean all parameters for all variants
Added Component: Designator=R65(RES0603)
Add component. Clean all parameters for all variants
Added Component: Designator=R66(RES0603)
Add component. Clean all parameters for all variants
Added Component: Designator=R67(RES0603)
Add component. Clean all parameters for all variants
Added Component: Designator=R68(RES0603)
Add component. Clean all parameters for all variants
Added Component: Designator=R69(RES0603)
Add component. Clean all parameters for all variants
Added Component: Designator=R70(RES0603)
Add component. Clean all parameters for all variants
Added Component: Designator=R71(RES0603)
Add component. Clean all parameters for all variants
Added Component: Designator=R72(RES0603)
Add component. Clean all parameters for all variants
Added Component: Designator=R73(RES0603)
Add component. Clean all parameters for all variants
Added Component: Designator=R74(RES0603)
Add component. Clean all parameters for all variants
Added Component: Designator=R75(RES0603)
Add component. Clean all parameters for all variants
Added Component: Designator=R76(RES0603)
Add component. Clean all parameters for all variants
Added Component: Designator=R77(RES0603)
Add component. Clean all parameters for all variants
Added Component: Designator=R78(RES0603)
Add component. Clean all parameters for all variants
Added Component: Designator=R79(RES0603)
Add component. Clean all parameters for all variants
Added Component: Designator=R80(RES0603)
Add component. Clean all parameters for all variants
Added Component: Designator=R81(RES0603)
Add component. Clean all parameters for all variants
Added Component: Designator=R82(RES0603)
Add component. Clean all parameters for all variants
Added Component: Designator=R83(RES0603)
Add component. Clean all parameters for all variants
Added Component: Designator=R84(RES0603)
Add component. Clean all parameters for all variants
Added Component: Designator=R85(RES0603)
Add component. Clean all parameters for all variants
Added Component: Designator=R86(RES0603)
Add component. Clean all parameters for all variants
Added Component: Designator=R87(RES0603)
Add component. Clean all parameters for all variants
Added Component: Designator=R88(RES0603)
Add component. Clean all parameters for all variants
Added Component: Designator=U1(Lm5164)
Add component. Clean all parameters for all variants
Added Component: Designator=U2(MAX3075)
Add component. Clean all parameters for all variants
Added Component: Designator=U3(LM358)
Add component. Clean all parameters for all variants
Added Component: Designator=U4(TPS54202DDCR)
Add component. Clean all parameters for all variants
Added Component: Designator=U5(MXHV9910BE)
Add component. Clean all parameters for all variants
Added Component: Designator=U6(MAX3075)
Add component. Clean all parameters for all variants
Added Component: Designator=U7(TPS54202DDCR)
Add component. Clean all parameters for all variants
Added Component: Designator=U8(MXHV9910BE)
Add component. Clean all parameters for all variants
Added Component: Designator=U9(AMS1117)
Add component. Clean all parameters for all variants
Added Component: Designator=U10(Drv8876)
Add component. Clean all parameters for all variants
Added Component: Designator=U11(Drv8876)
Add component. Clean all parameters for all variants
Added Component: Designator=U12(Drv8876)
Add component. Clean all parameters for all variants
Added Component: Designator=U13(STM32F103RET6)
Add component. Clean all parameters for all variants
Add component (AddParameter): Name = "A/D Converter"; Value = "3x12-bit (16 Channel)"; VariantName = "[No Variations]"
Add component (AddParameter): Name = "ComponentLink1Description"; Value = "Manufacturer URL"; VariantName = "[No Variations]"
Add component (AddParameter): Name = "ComponentLink1URL"; Value = "http://www.st.com/web/en/home.html"; VariantName = "[No Variations]"
Add component (AddParameter): Name = "ComponentLink2Description"; Value = "Datasheet"; VariantName = "[No Variations]"
Add component (AddParameter): Name = "ComponentLink2URL"; Value = "http://www.st.com/st-web-ui/static/active/en/resource/technical/document/datasheet/CD00191185.pdf"; VariantName = "[No Variations]"
Add component (AddParameter): Name = "ComponentLink3Description"; Value = "Package Specification"; VariantName = "[No Variations]"
Add component (AddParameter): Name = "ComponentLink3URL"; Value = "http://www.st.com/st-web-ui/static/active/en/resource/technical/document/datasheet/DM00037051.pdf"; VariantName = "[No Variations]"
Add component (AddParameter): Name = "Core"; Value = "ARM Cortex-M3"; VariantName = "[No Variations]"
Add component (AddParameter): Name = "D/A Converter"; Value = "2x12-bit (2 Channel)"; VariantName = "[No Variations]"
Add component (AddParameter): Name = "DatasheetVersion"; Value = "Rev. 8"; VariantName = "[No Variations]"
Add component (AddParameter): Name = "FLASH Size (Prog) (kB)"; Value = "512"; VariantName = "[No Variations]"
Add component (AddParameter): Name = "I/Os (High Current)"; Value = "51"; VariantName = "[No Variations]"
Add component (AddParameter): Name = "Internal RAM Size (kB)"; Value = "64"; VariantName = "[No Variations]"
Add component (AddParameter): Name = "Mounting Technology"; Value = "Surface Mount"; VariantName = "[No Variations]"
Add component (AddParameter): Name = "Operating Frequency(F) (Processor speed) (MHz)"; Value = "72"; VariantName = "[No Variations]"
Add component (AddParameter): Name = "PackageDescription"; Value = "64-Pin Low Profile Quad Flat Package, 10 x 10 mm Body, 0.5 mm Pitch"; VariantName = "[No Variations]"
Add component (AddParameter): Name = "PackageReference"; Value = "LQFP64"; VariantName = "[No Variations]"
Add component (AddParameter): Name = "PackageVersion"; Value = "Rev. 4, 06/2013"; VariantName = "[No Variations]"
Add component (AddParameter): Name = "Packing"; Value = "Tray"; VariantName = "[No Variations]"
Add component (AddParameter): Name = "PartNumber"; Value = "STM32F103RET6"; VariantName = "[No Variations]"
Add component (AddParameter): Name = "Supplier 1"; Value = "Digi-Key"; VariantName = "[No Variations]"
Add component (AddParameter): Name = "Supplier 2"; Value = "Farnell"; VariantName = "[No Variations]"
Add component (AddParameter): Name = "Supplier 3"; Value = "Newark"; VariantName = "[No Variations]"
Add component (AddParameter): Name = "Supplier 4"; Value = "Newark"; VariantName = "[No Variations]"
Add component (AddParameter): Name = "Supplier 5"; Value = "Mouser"; VariantName = "[No Variations]"
Add component (AddParameter): Name = "Supplier Part Number 1"; Value = "497-6444-ND"; VariantName = "[No Variations]"
Add component (AddParameter): Name = "Supplier Part Number 2"; Value = "1624138"; VariantName = "[No Variations]"
Add component (AddParameter): Name = "Supplier Part Number 3"; Value = "01P4101"; VariantName = "[No Variations]"
Add component (AddParameter): Name = "Supplier Part Number 4"; Value = "57P1231"; VariantName = "[No Variations]"
Add component (AddParameter): Name = "Supplier Part Number 5"; Value = "511-STM32F103RET6"; VariantName = "[No Variations]"
Add component (AddParameter): Name = "Supply Voltage(Vcc) min (V)"; Value = "2"; VariantName = "[No Variations]"
Added Component: Designator=U14(NRF24L01)
Add component. Clean all parameters for all variants
Added Component: Designator=U15(AT24C02)
Add component. Clean all parameters for all variants
Added Component: Designator=U16(W25QXX)
Add component. Clean all parameters for all variants
Added Component: Designator=U17(LORA)
Add component. Clean all parameters for all variants
Added Component: Designator=X1(CRYSTAL_SMD4PIN)
Add component. Clean all parameters for all variants
Added Component: Designator=X2(CRYSTAL - SMD4PIN 1.6*2)
Add component. Clean all parameters for all variants
Added Component: Designator=Z1(BC817)
Add component. Clean all parameters for all variants
Added Component: Designator=Z2(BC817)
Add component. Clean all parameters for all variants
Added Pin To Net: NetName=3.3V Pin=*-1
Added Pin To Net: NetName=3.3V Pin=C35-2
Added Pin To Net: NetName=3.3V Pin=C36-2
Added Pin To Net: NetName=3.3V Pin=C56-2
Added Pin To Net: NetName=3.3V Pin=C68-2
Added Pin To Net: NetName=3.3V Pin=C69-2
Added Pin To Net: NetName=3.3V Pin=C70-1
Added Pin To Net: NetName=3.3V Pin=C71-1
Added Pin To Net: NetName=3.3V Pin=H4-3
Added Pin To Net: NetName=3.3V Pin=H5-3
Added Pin To Net: NetName=3.3V Pin=H6-3
Added Pin To Net: NetName=3.3V Pin=H7-3
Added Pin To Net: NetName=3.3V Pin=LCD1-1
Added Pin To Net: NetName=3.3V Pin=R3-2
Added Pin To Net: NetName=3.3V Pin=R14-2
Added Pin To Net: NetName=3.3V Pin=R28-2
Added Pin To Net: NetName=3.3V Pin=R35-2
Added Pin To Net: NetName=3.3V Pin=R58-2
Added Pin To Net: NetName=3.3V Pin=R59-2
Added Pin To Net: NetName=3.3V Pin=R60-2
Added Pin To Net: NetName=3.3V Pin=R61-2
Added Pin To Net: NetName=3.3V Pin=R62-2
Added Pin To Net: NetName=3.3V Pin=R63-2
Added Pin To Net: NetName=3.3V Pin=R64-2
Added Pin To Net: NetName=3.3V Pin=R65-2
Added Pin To Net: NetName=3.3V Pin=R66-2
Added Pin To Net: NetName=3.3V Pin=R74-1
Added Pin To Net: NetName=3.3V Pin=R76-2
Added Pin To Net: NetName=3.3V Pin=R78-2
Added Pin To Net: NetName=3.3V Pin=R79-2
Added Pin To Net: NetName=3.3V Pin=R81-1
Added Pin To Net: NetName=3.3V Pin=R83-2
Added Pin To Net: NetName=3.3V Pin=R84-2
Added Pin To Net: NetName=3.3V Pin=R85-2
Added Pin To Net: NetName=3.3V Pin=R86-2
Added Pin To Net: NetName=3.3V Pin=R87-2
Added Pin To Net: NetName=3.3V Pin=R88-2
Added Pin To Net: NetName=3.3V Pin=U2-8
Added Pin To Net: NetName=3.3V Pin=U6-8
Added Pin To Net: NetName=3.3V Pin=U9-2
Added Pin To Net: NetName=3.3V Pin=U9-4
Added Pin To Net: NetName=3.3V Pin=U13-1
Added Pin To Net: NetName=3.3V Pin=U13-19
Added Pin To Net: NetName=3.3V Pin=U13-32
Added Pin To Net: NetName=3.3V Pin=U13-48
Added Pin To Net: NetName=3.3V Pin=U13-64
Added Pin To Net: NetName=3.3V Pin=U14-7
Added Pin To Net: NetName=3.3V Pin=U14-15
Added Pin To Net: NetName=3.3V Pin=U14-18
Added Pin To Net: NetName=3.3V Pin=U15-8
Added Pin To Net: NetName=3.3V Pin=U16-8
Added Pin To Net: NetName=3.3V Pin=U17-3
Added Net: Name=3.3V
Added Pin To Net: NetName=5V Pin=C8-1
Added Pin To Net: NetName=5V Pin=C25-2
Added Pin To Net: NetName=5V Pin=C26-2
Added Pin To Net: NetName=5V Pin=C27-2
Added Pin To Net: NetName=5V Pin=C33-2
Added Pin To Net: NetName=5V Pin=C34-2
Added Pin To Net: NetName=5V Pin=L3-2
Added Pin To Net: NetName=5V Pin=R38-2
Added Pin To Net: NetName=5V Pin=U3-8
Added Pin To Net: NetName=5V Pin=U9-3
Added Net: Name=5V
Added Pin To Net: NetName=12V Pin=C16-2
Added Pin To Net: NetName=12V Pin=C17-2
Added Pin To Net: NetName=12V Pin=C18-2
Added Pin To Net: NetName=12V Pin=C47-2
Added Pin To Net: NetName=12V Pin=C49-2
Added Pin To Net: NetName=12V Pin=C50-2
Added Pin To Net: NetName=12V Pin=C52-2
Added Pin To Net: NetName=12V Pin=H1-2
Added Pin To Net: NetName=12V Pin=L2-2
Added Pin To Net: NetName=12V Pin=R2-2
Added Pin To Net: NetName=12V Pin=R8-1
Added Pin To Net: NetName=12V Pin=R27-2
Added Pin To Net: NetName=12V Pin=U10-11
Added Pin To Net: NetName=12V Pin=U12-11
Added Net: Name=12V
Added Pin To Net: NetName=24V Pin=C3-2
Added Pin To Net: NetName=24V Pin=C5-2
Added Pin To Net: NetName=24V Pin=C6-2
Added Pin To Net: NetName=24V Pin=C7-2
Added Pin To Net: NetName=24V Pin=C12-2
Added Pin To Net: NetName=24V Pin=C13-2
Added Pin To Net: NetName=24V Pin=C22-2
Added Pin To Net: NetName=24V Pin=C24-2
Added Pin To Net: NetName=24V Pin=C48-2
Added Pin To Net: NetName=24V Pin=C51-2
Added Pin To Net: NetName=24V Pin=L1-2
Added Pin To Net: NetName=24V Pin=R5-2
Added Pin To Net: NetName=24V Pin=R24-2
Added Pin To Net: NetName=24V Pin=R37-2
Added Pin To Net: NetName=24V Pin=U4-3
Added Pin To Net: NetName=24V Pin=U7-3
Added Pin To Net: NetName=24V Pin=U11-11
Added Net: Name=24V
Added Pin To Net: NetName=90V Pin=J1-2
Added Pin To Net: NetName=90V Pin=J2-2
Added Pin To Net: NetName=90V Pin=J3-2
Added Pin To Net: NetName=90V Pin=R1-1
Added Pin To Net: NetName=90V Pin=R52-2
Added Pin To Net: NetName=90V Pin=U5-1
Added Pin To Net: NetName=90V Pin=U8-1
Added Net: Name=90V
Added Pin To Net: NetName=ADC_C Pin=C11-2
Added Pin To Net: NetName=ADC_C Pin=R20-2
Added Net: Name=ADC_C
Added Pin To Net: NetName=ADC_W Pin=C30-2
Added Pin To Net: NetName=ADC_W Pin=R46-2
Added Net: Name=ADC_W
Added Pin To Net: NetName=CRYSTAL1 Pin=C63-2
Added Pin To Net: NetName=CRYSTAL1 Pin=U13-5
Added Pin To Net: NetName=CRYSTAL1 Pin=X1-1
Added Net: Name=CRYSTAL1
Added Pin To Net: NetName=CRYSTAL2 Pin=C62-2
Added Pin To Net: NetName=CRYSTAL2 Pin=U13-6
Added Pin To Net: NetName=CRYSTAL2 Pin=X1-3
Added Net: Name=CRYSTAL2
Added Pin To Net: NetName=DMX_FEEDBACK Pin=C21-2
Added Pin To Net: NetName=DMX_FEEDBACK Pin=R36-1
Added Net: Name=DMX_FEEDBACK
Added Pin To Net: NetName=DMX_RX Pin=R28-1
Added Pin To Net: NetName=DMX_RX Pin=U6-1
Added Net: Name=DMX_RX
Added Pin To Net: NetName=EEPROM_WP Pin=R83-1
Added Pin To Net: NetName=EEPROM_WP Pin=U15-7
Added Net: Name=EEPROM_WP
Added Pin To Net: NetName=FAN_CONTROL Pin=R16-1
Added Net: Name=FAN_CONTROL
Added Pin To Net: NetName=FLASH_CS Pin=R86-1
Added Pin To Net: NetName=FLASH_CS Pin=U16-1
Added Net: Name=FLASH_CS
Added Pin To Net: NetName=GND Pin=*-4
Added Pin To Net: NetName=GND Pin=C8-2
Added Pin To Net: NetName=GND Pin=C9-1
Added Pin To Net: NetName=GND Pin=C11-1
Added Pin To Net: NetName=GND Pin=C14-1
Added Pin To Net: NetName=GND Pin=C15-1
Added Pin To Net: NetName=GND Pin=C21-1
Added Pin To Net: NetName=GND Pin=C22-1
Added Pin To Net: NetName=GND Pin=C23-1
Added Pin To Net: NetName=GND Pin=C24-1
Added Pin To Net: NetName=GND Pin=C25-1
Added Pin To Net: NetName=GND Pin=C26-1
Added Pin To Net: NetName=GND Pin=C27-1
Added Pin To Net: NetName=GND Pin=C29-1
Added Pin To Net: NetName=GND Pin=C30-1
Added Pin To Net: NetName=GND Pin=C31-1
Added Pin To Net: NetName=GND Pin=C32-1
Added Pin To Net: NetName=GND Pin=C33-1
Added Pin To Net: NetName=GND Pin=C34-1
Added Pin To Net: NetName=GND Pin=C35-1
Added Pin To Net: NetName=GND Pin=C36-1
Added Pin To Net: NetName=GND Pin=C37-1
Added Pin To Net: NetName=GND Pin=C38-1
Added Pin To Net: NetName=GND Pin=C39-1
Added Pin To Net: NetName=GND Pin=C40-1
Added Pin To Net: NetName=GND Pin=C44-1
Added Pin To Net: NetName=GND Pin=C45-1
Added Pin To Net: NetName=GND Pin=C46-1
Added Pin To Net: NetName=GND Pin=C53-1
Added Pin To Net: NetName=GND Pin=C54-1
Added Pin To Net: NetName=GND Pin=C55-1
Added Pin To Net: NetName=GND Pin=C56-1
Added Pin To Net: NetName=GND Pin=C57-1
Added Pin To Net: NetName=GND Pin=C58-1
Added Pin To Net: NetName=GND Pin=C60-1
Added Pin To Net: NetName=GND Pin=C61-1
Added Pin To Net: NetName=GND Pin=C62-1
Added Pin To Net: NetName=GND Pin=C63-1
Added Pin To Net: NetName=GND Pin=C64-2
Added Pin To Net: NetName=GND Pin=C65-1
Added Pin To Net: NetName=GND Pin=C66-1
Added Pin To Net: NetName=GND Pin=C67-1
Added Pin To Net: NetName=GND Pin=C68-1
Added Pin To Net: NetName=GND Pin=C69-1
Added Pin To Net: NetName=GND Pin=C70-2
Added Pin To Net: NetName=GND Pin=C71-2
Added Pin To Net: NetName=GND Pin=C72-1
Added Pin To Net: NetName=GND Pin=D2-1
Added Pin To Net: NetName=GND Pin=D3-1
Added Pin To Net: NetName=GND Pin=D4-1
Added Pin To Net: NetName=GND Pin=D5-1
Added Pin To Net: NetName=GND Pin=GSM-1
Added Pin To Net: NetName=GND Pin=GSM-2
Added Pin To Net: NetName=GND Pin=H1-1
Added Pin To Net: NetName=GND Pin=H2-1
Added Pin To Net: NetName=GND Pin=H3-1
Added Pin To Net: NetName=GND Pin=H4-1
Added Pin To Net: NetName=GND Pin=H5-1
Added Pin To Net: NetName=GND Pin=H6-1
Added Pin To Net: NetName=GND Pin=H7-1
Added Pin To Net: NetName=GND Pin=LCD1-2
Added Pin To Net: NetName=GND Pin=Q1-2
Added Pin To Net: NetName=GND Pin=R13-1
Added Pin To Net: NetName=GND Pin=R17-2
Added Pin To Net: NetName=GND Pin=R26-1
Added Pin To Net: NetName=GND Pin=R33-1
Added Pin To Net: NetName=GND Pin=R40-1
Added Pin To Net: NetName=GND Pin=R42-2
Added Pin To Net: NetName=GND Pin=R43-1
Added Pin To Net: NetName=GND Pin=R51-1
Added Pin To Net: NetName=GND Pin=R53-1
Added Pin To Net: NetName=GND Pin=R57-1
Added Pin To Net: NetName=GND Pin=R67-1
Added Pin To Net: NetName=GND Pin=R68-1
Added Pin To Net: NetName=GND Pin=R69-1
Added Pin To Net: NetName=GND Pin=R70-1
Added Pin To Net: NetName=GND Pin=R71-1
Added Pin To Net: NetName=GND Pin=R72-1
Added Pin To Net: NetName=GND Pin=R73-2
Added Pin To Net: NetName=GND Pin=R75-2
Added Pin To Net: NetName=GND Pin=R77-1
Added Pin To Net: NetName=GND Pin=R80-1
Added Pin To Net: NetName=GND Pin=U2-5
Added Pin To Net: NetName=GND Pin=U3-4
Added Pin To Net: NetName=GND Pin=U4-1
Added Pin To Net: NetName=GND Pin=U5-2
Added Pin To Net: NetName=GND Pin=U5-3
Added Pin To Net: NetName=GND Pin=U6-5
Added Pin To Net: NetName=GND Pin=U7-1
Added Pin To Net: NetName=GND Pin=U8-2
Added Pin To Net: NetName=GND Pin=U8-3
Added Pin To Net: NetName=GND Pin=U9-1
Added Pin To Net: NetName=GND Pin=U10-7
Added Pin To Net: NetName=GND Pin=U10-7
Added Pin To Net: NetName=GND Pin=U10-15
Added Pin To Net: NetName=GND Pin=U10-16
Added Pin To Net: NetName=GND Pin=U11-7
Added Pin To Net: NetName=GND Pin=U11-7
Added Pin To Net: NetName=GND Pin=U11-15
Added Pin To Net: NetName=GND Pin=U11-16
Added Pin To Net: NetName=GND Pin=U12-7
Added Pin To Net: NetName=GND Pin=U12-7
Added Pin To Net: NetName=GND Pin=U12-15
Added Pin To Net: NetName=GND Pin=U12-16
Added Pin To Net: NetName=GND Pin=U13-18
Added Pin To Net: NetName=GND Pin=U13-31
Added Pin To Net: NetName=GND Pin=U13-47
Added Pin To Net: NetName=GND Pin=U13-63
Added Pin To Net: NetName=GND Pin=U14-8
Added Pin To Net: NetName=GND Pin=U14-14
Added Pin To Net: NetName=GND Pin=U14-17
Added Pin To Net: NetName=GND Pin=U14-20
Added Pin To Net: NetName=GND Pin=U15-1
Added Pin To Net: NetName=GND Pin=U15-2
Added Pin To Net: NetName=GND Pin=U15-3
Added Pin To Net: NetName=GND Pin=U15-4
Added Pin To Net: NetName=GND Pin=U16-4
Added Pin To Net: NetName=GND Pin=U17-2
Added Pin To Net: NetName=GND Pin=U17-9
Added Pin To Net: NetName=GND Pin=U17-16
Added Pin To Net: NetName=GND Pin=X1-2
Added Pin To Net: NetName=GND Pin=X1-4
Added Pin To Net: NetName=GND Pin=X2-2
Added Pin To Net: NetName=GND Pin=X2-4
Added Pin To Net: NetName=GND Pin=Z1-3
Added Pin To Net: NetName=GND Pin=Z2-3
Added Net: Name=GND
Added Pin To Net: NetName=JOYSTEIK Pin=R3-1
Added Pin To Net: NetName=JOYSTEIK Pin=U2-1
Added Net: Name=JOYSTEIK
Added Pin To Net: NetName=LCD_CS Pin=LCD1-3
Added Net: Name=LCD_CS
Added Pin To Net: NetName=LCD_DC Pin=LCD1-5
Added Net: Name=LCD_DC
Added Pin To Net: NetName=LCD_LED Pin=LCD1-8
Added Net: Name=LCD_LED
Added Pin To Net: NetName=LCD_MISO Pin=LCD1-9
Added Pin To Net: NetName=LCD_MISO Pin=U14-5
Added Pin To Net: NetName=LCD_MISO Pin=U16-2
Added Pin To Net: NetName=LCD_MISO Pin=U17-13
Added Net: Name=LCD_MISO
Added Pin To Net: NetName=LCD_MOSI Pin=LCD1-6
Added Pin To Net: NetName=LCD_MOSI Pin=U14-4
Added Pin To Net: NetName=LCD_MOSI Pin=U16-5
Added Pin To Net: NetName=LCD_MOSI Pin=U17-14
Added Net: Name=LCD_MOSI
Added Pin To Net: NetName=LCD_RESET Pin=LCD1-4
Added Net: Name=LCD_RESET
Added Pin To Net: NetName=LCD_SCK Pin=LCD1-7
Added Pin To Net: NetName=LCD_SCK Pin=U14-3
Added Pin To Net: NetName=LCD_SCK Pin=U16-6
Added Pin To Net: NetName=LCD_SCK Pin=U17-12
Added Net: Name=LCD_SCK
Added Pin To Net: NetName=LORA-DIO0 Pin=U17-5
Added Net: Name=LORA-DIO0
Added Pin To Net: NetName=LORA-NSS Pin=U17-15
Added Net: Name=LORA-NSS
Added Pin To Net: NetName=LORA-RST Pin=U17-4
Added Net: Name=LORA-RST
Added Pin To Net: NetName=M_PAN_EN Pin=U12-1
Added Net: Name=M_PAN_EN
Added Pin To Net: NetName=M_PAN_FAULT Pin=R63-1
Added Pin To Net: NetName=M_PAN_FAULT Pin=U12-4
Added Net: Name=M_PAN_FAULT
Added Pin To Net: NetName=M_PAN_IPROPI Pin=R72-2
Added Pin To Net: NetName=M_PAN_IPROPI Pin=U12-6
Added Net: Name=M_PAN_IPROPI
Added Pin To Net: NetName=M_PAN_PH Pin=U12-2
Added Net: Name=M_PAN_PH
Added Pin To Net: NetName=M_TILT_EN Pin=U10-1
Added Net: Name=M_TILT_EN
Added Pin To Net: NetName=M_TILT_FAULT Pin=R61-1
Added Pin To Net: NetName=M_TILT_FAULT Pin=U10-4
Added Net: Name=M_TILT_FAULT
Added Pin To Net: NetName=M_TILT_IPROPI Pin=R69-2
Added Pin To Net: NetName=M_TILT_IPROPI Pin=U10-6
Added Net: Name=M_TILT_IPROPI
Added Pin To Net: NetName=M_TILT_PH Pin=U10-2
Added Net: Name=M_TILT_PH
Added Pin To Net: NetName=M_ZOOM_EN Pin=U11-1
Added Net: Name=M_ZOOM_EN
Added Pin To Net: NetName=M_ZOOM_FAULT Pin=R62-1
Added Pin To Net: NetName=M_ZOOM_FAULT Pin=U11-4
Added Net: Name=M_ZOOM_FAULT
Added Pin To Net: NetName=M_ZOOM_IPROPI Pin=R71-2
Added Pin To Net: NetName=M_ZOOM_IPROPI Pin=U11-6
Added Net: Name=M_ZOOM_IPROPI
Added Pin To Net: NetName=M_ZOOM_PH Pin=U11-2
Added Net: Name=M_ZOOM_PH
Added Pin To Net: NetName=NetC1_2 Pin=C1-2
Added Pin To Net: NetName=NetC1_2 Pin=D1-2
Added Pin To Net: NetName=NetC1_2 Pin=R1-2
Added Pin To Net: NetName=NetC1_2 Pin=U1-2
Added Pin To Net: NetName=NetC1_2 Pin=U1-3
Added Net: Name=NetC1_2
Added Pin To Net: NetName=NetC2_1 Pin=C2-1
Added Pin To Net: NetName=NetC2_1 Pin=U1-7
Added Net: Name=NetC2_1
Added Pin To Net: NetName=NetC2_2 Pin=C2-2
Added Pin To Net: NetName=NetC2_2 Pin=L1-1
Added Pin To Net: NetName=NetC2_2 Pin=R4-1
Added Pin To Net: NetName=NetC2_2 Pin=U1-8
Added Net: Name=NetC2_2
Added Pin To Net: NetName=NetC3_1 Pin=C3-1
Added Pin To Net: NetName=NetC3_1 Pin=C4-2
Added Pin To Net: NetName=NetC3_1 Pin=R4-2
Added Net: Name=NetC3_1
Added Pin To Net: NetName=NetC4_1 Pin=C4-1
Added Pin To Net: NetName=NetC4_1 Pin=R5-1
Added Pin To Net: NetName=NetC4_1 Pin=R10-2
Added Pin To Net: NetName=NetC4_1 Pin=U1-5
Added Net: Name=NetC4_1
Added Pin To Net: NetName=NetC9_2 Pin=C9-2
Added Pin To Net: NetName=NetC9_2 Pin=U5-6
Added Pin To Net: NetName=NetC9_2 Pin=U5-7
Added Net: Name=NetC9_2
Added Pin To Net: NetName=NetC10_1 Pin=C10-1
Added Pin To Net: NetName=NetC10_1 Pin=U4-6
Added Net: Name=NetC10_1
Added Pin To Net: NetName=NetC10_2 Pin=C10-2
Added Pin To Net: NetName=NetC10_2 Pin=L2-1
Added Pin To Net: NetName=NetC10_2 Pin=U4-2
Added Net: Name=NetC10_2
Added Pin To Net: NetName=NetC14_2 Pin=C14-2
Added Pin To Net: NetName=NetC14_2 Pin=R21-2
Added Pin To Net: NetName=NetC14_2 Pin=R22-1
Added Net: Name=NetC14_2
Added Pin To Net: NetName=NetC15_2 Pin=C15-2
Added Pin To Net: NetName=NetC15_2 Pin=R22-2
Added Pin To Net: NetName=NetC15_2 Pin=R23-1
Added Net: Name=NetC15_2
Added Pin To Net: NetName=NetC19_1 Pin=C19-1
Added Pin To Net: NetName=NetC19_1 Pin=R31-1
Added Pin To Net: NetName=NetC19_1 Pin=R34-2
Added Pin To Net: NetName=NetC19_1 Pin=U4-4
Added Net: Name=NetC19_1
Added Pin To Net: NetName=NetC19_2 Pin=C19-2
Added Pin To Net: NetName=NetC19_2 Pin=R27-1
Added Pin To Net: NetName=NetC19_2 Pin=R31-2
Added Net: Name=NetC19_2
Added Pin To Net: NetName=NetC20_1 Pin=C20-1
Added Pin To Net: NetName=NetC20_1 Pin=U7-6
Added Net: Name=NetC20_1
Added Pin To Net: NetName=NetC20_2 Pin=C20-2
Added Pin To Net: NetName=NetC20_2 Pin=L3-1
Added Pin To Net: NetName=NetC20_2 Pin=U7-2
Added Net: Name=NetC20_2
Added Pin To Net: NetName=NetC28_1 Pin=C28-1
Added Pin To Net: NetName=NetC28_1 Pin=R41-1
Added Pin To Net: NetName=NetC28_1 Pin=R43-2
Added Pin To Net: NetName=NetC28_1 Pin=U7-4
Added Net: Name=NetC28_1
Added Pin To Net: NetName=NetC28_2 Pin=C28-2
Added Pin To Net: NetName=NetC28_2 Pin=R38-1
Added Pin To Net: NetName=NetC28_2 Pin=R41-2
Added Net: Name=NetC28_2
Added Pin To Net: NetName=NetC29_2 Pin=C29-2
Added Pin To Net: NetName=NetC29_2 Pin=U8-6
Added Pin To Net: NetName=NetC29_2 Pin=U8-7
Added Net: Name=NetC29_2
Added Pin To Net: NetName=NetC31_2 Pin=C31-2
Added Pin To Net: NetName=NetC31_2 Pin=R47-2
Added Pin To Net: NetName=NetC31_2 Pin=R48-1
Added Net: Name=NetC31_2
Added Pin To Net: NetName=NetC32_2 Pin=C32-2
Added Pin To Net: NetName=NetC32_2 Pin=R48-2
Added Pin To Net: NetName=NetC32_2 Pin=R49-1
Added Net: Name=NetC32_2
Added Pin To Net: NetName=NetC38_2 Pin=C38-2
Added Pin To Net: NetName=NetC38_2 Pin=H5-2
Added Pin To Net: NetName=NetC38_2 Pin=R54-2
Added Net: Name=NetC38_2
Added Pin To Net: NetName=NetC39_2 Pin=C39-2
Added Pin To Net: NetName=NetC39_2 Pin=H6-2
Added Pin To Net: NetName=NetC39_2 Pin=R55-2
Added Net: Name=NetC39_2
Added Pin To Net: NetName=NetC40_2 Pin=C40-2
Added Pin To Net: NetName=NetC40_2 Pin=H7-2
Added Pin To Net: NetName=NetC40_2 Pin=R56-2
Added Net: Name=NetC40_2
Added Pin To Net: NetName=NetC41_1 Pin=C41-1
Added Pin To Net: NetName=NetC41_1 Pin=U10-13
Added Net: Name=NetC41_1
Added Pin To Net: NetName=NetC41_2 Pin=C41-2
Added Pin To Net: NetName=NetC41_2 Pin=U10-14
Added Net: Name=NetC41_2
Added Pin To Net: NetName=NetC42_1 Pin=C42-1
Added Pin To Net: NetName=NetC42_1 Pin=U11-13
Added Net: Name=NetC42_1
Added Pin To Net: NetName=NetC42_2 Pin=C42-2
Added Pin To Net: NetName=NetC42_2 Pin=U11-14
Added Net: Name=NetC42_2
Added Pin To Net: NetName=NetC43_1 Pin=C43-1
Added Pin To Net: NetName=NetC43_1 Pin=U12-13
Added Net: Name=NetC43_1
Added Pin To Net: NetName=NetC43_2 Pin=C43-2
Added Pin To Net: NetName=NetC43_2 Pin=U12-14
Added Net: Name=NetC43_2
Added Pin To Net: NetName=NetC44_2 Pin=C44-2
Added Pin To Net: NetName=NetC44_2 Pin=R58-1
Added Pin To Net: NetName=NetC44_2 Pin=U10-3
Added Net: Name=NetC44_2
Added Pin To Net: NetName=NetC45_2 Pin=C45-2
Added Pin To Net: NetName=NetC45_2 Pin=R59-1
Added Pin To Net: NetName=NetC45_2 Pin=U11-3
Added Net: Name=NetC45_2
Added Pin To Net: NetName=NetC46_2 Pin=C46-2
Added Pin To Net: NetName=NetC46_2 Pin=R60-1
Added Pin To Net: NetName=NetC46_2 Pin=U12-3
Added Net: Name=NetC46_2
Added Pin To Net: NetName=NetC47_1 Pin=C47-1
Added Pin To Net: NetName=NetC47_1 Pin=U10-12
Added Net: Name=NetC47_1
Added Pin To Net: NetName=NetC48_1 Pin=C48-1
Added Pin To Net: NetName=NetC48_1 Pin=U11-12
Added Net: Name=NetC48_1
Added Pin To Net: NetName=NetC49_1 Pin=C49-1
Added Pin To Net: NetName=NetC49_1 Pin=U12-12
Added Net: Name=NetC49_1
Added Pin To Net: NetName=NetC53_2 Pin=C53-2
Added Pin To Net: NetName=NetC53_2 Pin=U14-19
Added Net: Name=NetC53_2
Added Pin To Net: NetName=NetC54_2 Pin=C54-2
Added Pin To Net: NetName=NetC54_2 Pin=R74-2
Added Pin To Net: NetName=NetC54_2 Pin=U13-13
Added Net: Name=NetC54_2
Added Pin To Net: NetName=NetC55_2 Pin=C55-2
Added Pin To Net: NetName=NetC55_2 Pin=R76-1
Added Pin To Net: NetName=NetC55_2 Pin=U13-7
Added Net: Name=NetC55_2
Added Pin To Net: NetName=NetC59_1 Pin=C59-1
Added Pin To Net: NetName=NetC59_1 Pin=L4-2
Added Net: Name=NetC59_1
Added Pin To Net: NetName=NetC59_2 Pin=C59-2
Added Pin To Net: NetName=NetC59_2 Pin=C61-2
Added Pin To Net: NetName=NetC59_2 Pin=GSM-3
Added Net: Name=NetC59_2
Added Pin To Net: NetName=NetC64_1 Pin=C64-1
Added Pin To Net: NetName=NetC64_1 Pin=R82-2
Added Pin To Net: NetName=NetC64_1 Pin=U14-10
Added Pin To Net: NetName=NetC64_1 Pin=X2-3
Added Net: Name=NetC64_1
Added Pin To Net: NetName=NetC65_2 Pin=C65-2
Added Pin To Net: NetName=NetC65_2 Pin=R82-1
Added Pin To Net: NetName=NetC65_2 Pin=U14-9
Added Pin To Net: NetName=NetC65_2 Pin=X2-1
Added Net: Name=NetC65_2
Added Pin To Net: NetName=NetC66_2 Pin=C66-2
Added Pin To Net: NetName=NetC66_2 Pin=C67-2
Added Pin To Net: NetName=NetC66_2 Pin=L6-2
Added Pin To Net: NetName=NetC66_2 Pin=U14-11
Added Net: Name=NetC66_2
Added Pin To Net: NetName=NetH1_3 Pin=H1-3
Added Pin To Net: NetName=NetH1_3 Pin=R2-1
Added Pin To Net: NetName=NetH1_3 Pin=R6-2
Added Net: Name=NetH1_3
Added Pin To Net: NetName=NetH1_4 Pin=H1-4
Added Pin To Net: NetName=NetH1_4 Pin=Q1-3
Added Pin To Net: NetName=NetH1_4 Pin=R8-2
Added Net: Name=NetH1_4
Added Pin To Net: NetName=NetH2_2 Pin=H2-2
Added Pin To Net: NetName=NetH2_2 Pin=R7-2
Added Net: Name=NetH2_2
Added Pin To Net: NetName=NetH2_3 Pin=H2-3
Added Pin To Net: NetName=NetH2_3 Pin=R12-2
Added Net: Name=NetH2_3
Added Pin To Net: NetName=NetH3_2 Pin=H3-2
Added Pin To Net: NetName=NetH3_2 Pin=R30-2
Added Net: Name=NetH3_2
Added Pin To Net: NetName=NetH3_3 Pin=H3-3
Added Pin To Net: NetName=NetH3_3 Pin=R32-2
Added Net: Name=NetH3_3
Added Pin To Net: NetName=NetJ2_1 Pin=J2-1
Added Pin To Net: NetName=NetJ2_1 Pin=Q2-3
Added Net: Name=NetJ2_1
Added Pin To Net: NetName=NetJ3_1 Pin=J3-1
Added Pin To Net: NetName=NetJ3_1 Pin=Q3-3
Added Net: Name=NetJ3_1
Added Pin To Net: NetName=NetJ4_1 Pin=J4-1
Added Pin To Net: NetName=NetJ4_1 Pin=U10-10
Added Net: Name=NetJ4_1
Added Pin To Net: NetName=NetJ4_2 Pin=J4-2
Added Pin To Net: NetName=NetJ4_2 Pin=U10-8
Added Net: Name=NetJ4_2
Added Pin To Net: NetName=NetJ5_1 Pin=J5-1
Added Pin To Net: NetName=NetJ5_1 Pin=U11-10
Added Net: Name=NetJ5_1
Added Pin To Net: NetName=NetJ5_2 Pin=J5-2
Added Pin To Net: NetName=NetJ5_2 Pin=U11-8
Added Net: Name=NetJ5_2
Added Pin To Net: NetName=NetJ6_1 Pin=J6-1
Added Pin To Net: NetName=NetJ6_1 Pin=U12-10
Added Net: Name=NetJ6_1
Added Pin To Net: NetName=NetJ6_2 Pin=J6-2
Added Pin To Net: NetName=NetJ6_2 Pin=U12-8
Added Net: Name=NetJ6_2
Added Pin To Net: NetName=NetK1_5 Pin=R80-2
Added Net: Name=NetK1_5
Added Pin To Net: NetName=NetL4_1 Pin=L4-1
Added Pin To Net: NetName=NetL4_1 Pin=L5-1
Added Pin To Net: NetName=NetL4_1 Pin=U14-13
Added Net: Name=NetL4_1
Added Pin To Net: NetName=NetL5_2 Pin=L5-2
Added Pin To Net: NetName=NetL5_2 Pin=L6-1
Added Pin To Net: NetName=NetL5_2 Pin=U14-12
Added Net: Name=NetL5_2
Added Pin To Net: NetName=NetM1_1 Pin=M1-1
Added Pin To Net: NetName=NetM1_1 Pin=M1-2
Added Pin To Net: NetName=NetM1_1 Pin=M1-3
Added Pin To Net: NetName=NetM1_1 Pin=M1-4
Added Pin To Net: NetName=NetM1_1 Pin=M1-5
Added Pin To Net: NetName=NetM1_1 Pin=M1-6
Added Pin To Net: NetName=NetM1_1 Pin=M1-7
Added Net: Name=NetM1_1
Added Pin To Net: NetName=NetM2_1 Pin=M2-1
Added Pin To Net: NetName=NetM2_1 Pin=M2-2
Added Pin To Net: NetName=NetM2_1 Pin=M2-3
Added Pin To Net: NetName=NetM2_1 Pin=M2-4
Added Pin To Net: NetName=NetM2_1 Pin=M2-5
Added Pin To Net: NetName=NetM2_1 Pin=M2-6
Added Pin To Net: NetName=NetM2_1 Pin=M2-7
Added Net: Name=NetM2_1
Added Pin To Net: NetName=NetM3_1 Pin=M3-1
Added Pin To Net: NetName=NetM3_1 Pin=M3-2
Added Pin To Net: NetName=NetM3_1 Pin=M3-3
Added Pin To Net: NetName=NetM3_1 Pin=M3-4
Added Pin To Net: NetName=NetM3_1 Pin=M3-5
Added Pin To Net: NetName=NetM3_1 Pin=M3-6
Added Pin To Net: NetName=NetM3_1 Pin=M3-7
Added Net: Name=NetM3_1
Added Pin To Net: NetName=NetM4_1 Pin=M4-1
Added Pin To Net: NetName=NetM4_1 Pin=M4-2
Added Pin To Net: NetName=NetM4_1 Pin=M4-3
Added Pin To Net: NetName=NetM4_1 Pin=M4-4
Added Pin To Net: NetName=NetM4_1 Pin=M4-5
Added Pin To Net: NetName=NetM4_1 Pin=M4-6
Added Pin To Net: NetName=NetM4_1 Pin=M4-7
Added Net: Name=NetM4_1
Added Pin To Net: NetName=NetQ1_1 Pin=Q1-1
Added Pin To Net: NetName=NetQ1_1 Pin=R16-2
Added Net: Name=NetQ1_1
Added Pin To Net: NetName=NetQ2_1 Pin=Q2-1
Added Pin To Net: NetName=NetQ2_1 Pin=R21-1
Added Pin To Net: NetName=NetQ2_1 Pin=R25-2
Added Net: Name=NetQ2_1
Added Pin To Net: NetName=NetQ2_2 Pin=Q2-2
Added Pin To Net: NetName=NetQ2_2 Pin=R19-2
Added Net: Name=NetQ2_2
Added Pin To Net: NetName=NetQ3_1 Pin=Q3-1
Added Pin To Net: NetName=NetQ3_1 Pin=R47-1
Added Pin To Net: NetName=NetQ3_1 Pin=R50-2
Added Net: Name=NetQ3_1
Added Pin To Net: NetName=NetQ3_2 Pin=Q3-2
Added Pin To Net: NetName=NetQ3_2 Pin=R45-2
Added Net: Name=NetQ3_2
Added Pin To Net: NetName=NetR7_1 Pin=R7-1
Added Pin To Net: NetName=NetR7_1 Pin=U2-7
Added Pin To Net: NetName=NetR7_1 Pin=Z1-2
Added Net: Name=NetR7_1
Added Pin To Net: NetName=NetR9_2 Pin=R9-2
Added Pin To Net: NetName=NetR9_2 Pin=U1-4
Added Net: Name=NetR9_2
Added Pin To Net: NetName=NetR11_1 Pin=R11-1
Added Pin To Net: NetName=NetR11_1 Pin=R18-2
Added Pin To Net: NetName=NetR11_1 Pin=U3-2
Added Net: Name=NetR11_1
Added Pin To Net: NetName=NetR11_2 Pin=R11-2
Added Pin To Net: NetName=NetR11_2 Pin=R20-1
Added Pin To Net: NetName=NetR11_2 Pin=U3-1
Added Net: Name=NetR11_2
Added Pin To Net: NetName=NetR12_1 Pin=R12-1
Added Pin To Net: NetName=NetR12_1 Pin=U2-6
Added Pin To Net: NetName=NetR12_1 Pin=Z1-1
Added Net: Name=NetR12_1
Added Pin To Net: NetName=NetR13_2 Pin=R13-2
Added Pin To Net: NetName=NetR13_2 Pin=U2-2
Added Pin To Net: NetName=NetR13_2 Pin=U2-3
Added Net: Name=NetR13_2
Added Pin To Net: NetName=NetR14_1 Pin=R14-1
Added Pin To Net: NetName=NetR14_1 Pin=R15-2
Added Pin To Net: NetName=NetR14_1 Pin=U1-6
Added Net: Name=NetR14_1
Added Pin To Net: NetName=NetR17_1 Pin=R17-1
Added Pin To Net: NetName=NetR17_1 Pin=U5-8
Added Net: Name=NetR17_1
Added Pin To Net: NetName=NetR19_1 Pin=R19-1
Added Pin To Net: NetName=NetR19_1 Pin=U5-4
Added Net: Name=NetR19_1
Added Pin To Net: NetName=NetR23_2 Pin=R23-2
Added Pin To Net: NetName=NetR23_2 Pin=R26-2
Added Pin To Net: NetName=NetR23_2 Pin=U3-3
Added Net: Name=NetR23_2
Added Pin To Net: NetName=NetR24_1 Pin=R24-1
Added Pin To Net: NetName=NetR24_1 Pin=R29-2
Added Pin To Net: NetName=NetR24_1 Pin=U4-5
Added Net: Name=NetR24_1
Added Pin To Net: NetName=NetR30_1 Pin=R30-1
Added Pin To Net: NetName=NetR30_1 Pin=U6-7
Added Pin To Net: NetName=NetR30_1 Pin=Z2-2
Added Net: Name=NetR30_1
Added Pin To Net: NetName=NetR32_1 Pin=R32-1
Added Pin To Net: NetName=NetR32_1 Pin=R36-2
Added Pin To Net: NetName=NetR32_1 Pin=U6-6
Added Pin To Net: NetName=NetR32_1 Pin=Z2-1
Added Net: Name=NetR32_1
Added Pin To Net: NetName=NetR33_2 Pin=R33-2
Added Pin To Net: NetName=NetR33_2 Pin=U6-2
Added Pin To Net: NetName=NetR33_2 Pin=U6-3
Added Net: Name=NetR33_2
Added Pin To Net: NetName=NetR37_1 Pin=R37-1
Added Pin To Net: NetName=NetR37_1 Pin=R40-2
Added Pin To Net: NetName=NetR37_1 Pin=U7-5
Added Net: Name=NetR37_1
Added Pin To Net: NetName=NetR39_1 Pin=R39-1
Added Pin To Net: NetName=NetR39_1 Pin=R44-2
Added Pin To Net: NetName=NetR39_1 Pin=U3-6
Added Net: Name=NetR39_1
Added Pin To Net: NetName=NetR39_2 Pin=R39-2
Added Pin To Net: NetName=NetR39_2 Pin=R46-1
Added Pin To Net: NetName=NetR39_2 Pin=U3-7
Added Net: Name=NetR39_2
Added Pin To Net: NetName=NetR42_1 Pin=R42-1
Added Pin To Net: NetName=NetR42_1 Pin=U8-8
Added Net: Name=NetR42_1
Added Pin To Net: NetName=NetR45_1 Pin=R45-1
Added Pin To Net: NetName=NetR45_1 Pin=U8-4
Added Net: Name=NetR45_1
Added Pin To Net: NetName=NetR49_2 Pin=R49-2
Added Pin To Net: NetName=NetR49_2 Pin=R51-2
Added Pin To Net: NetName=NetR49_2 Pin=U3-5
Added Net: Name=NetR49_2
Added Pin To Net: NetName=NetR64_1 Pin=R64-1
Added Pin To Net: NetName=NetR64_1 Pin=R67-2
Added Pin To Net: NetName=NetR64_1 Pin=U10-5
Added Net: Name=NetR64_1
Added Pin To Net: NetName=NetR65_1 Pin=R65-1
Added Pin To Net: NetName=NetR65_1 Pin=R68-2
Added Pin To Net: NetName=NetR65_1 Pin=U11-5
Added Net: Name=NetR65_1
Added Pin To Net: NetName=NetR66_1 Pin=R66-1
Added Pin To Net: NetName=NetR66_1 Pin=R70-2
Added Pin To Net: NetName=NetR66_1 Pin=U12-5
Added Net: Name=NetR66_1
Added Pin To Net: NetName=NetR73_1 Pin=R73-1
Added Pin To Net: NetName=NetR73_1 Pin=U13-60
Added Net: Name=NetR73_1
Added Pin To Net: NetName=NetR75_1 Pin=R75-1
Added Pin To Net: NetName=NetR75_1 Pin=U13-12
Added Net: Name=NetR75_1
Added Pin To Net: NetName=NetR77_2 Pin=R77-2
Added Pin To Net: NetName=NetR77_2 Pin=U14-16
Added Net: Name=NetR77_2
Added Pin To Net: NetName=NetR87_1 Pin=R87-1
Added Pin To Net: NetName=NetR87_1 Pin=U16-7
Added Net: Name=NetR87_1
Added Pin To Net: NetName=NetR88_1 Pin=R88-1
Added Pin To Net: NetName=NetR88_1 Pin=U16-3
Added Net: Name=NetR88_1
Added Pin To Net: NetName=NRF_CE Pin=U14-1
Added Net: Name=NRF_CE
Added Pin To Net: NetName=NRF_CSN Pin=U14-2
Added Net: Name=NRF_CSN
Added Pin To Net: NetName=NRF_IRQ Pin=U14-6
Added Net: Name=NRF_IRQ
Added Pin To Net: NetName=PAN_ADC Pin=D5-2
Added Pin To Net: NetName=PAN_ADC Pin=R56-1
Added Net: Name=PAN_ADC
Added Pin To Net: NetName=PGOOD Pin=R15-1
Added Net: Name=PGOOD
Added Pin To Net: NetName=POWER_GND Pin=C1-1
Added Pin To Net: NetName=POWER_GND Pin=C5-1
Added Pin To Net: NetName=POWER_GND Pin=C6-1
Added Pin To Net: NetName=POWER_GND Pin=C7-1
Added Pin To Net: NetName=POWER_GND Pin=C12-1
Added Pin To Net: NetName=POWER_GND Pin=C13-1
Added Pin To Net: NetName=POWER_GND Pin=C16-1
Added Pin To Net: NetName=POWER_GND Pin=C17-1
Added Pin To Net: NetName=POWER_GND Pin=C18-1
Added Pin To Net: NetName=POWER_GND Pin=C50-1
Added Pin To Net: NetName=POWER_GND Pin=C51-1
Added Pin To Net: NetName=POWER_GND Pin=C52-1
Added Pin To Net: NetName=POWER_GND Pin=D1-1
Added Pin To Net: NetName=POWER_GND Pin=J1-1
Added Pin To Net: NetName=POWER_GND Pin=R9-1
Added Pin To Net: NetName=POWER_GND Pin=R10-1
Added Pin To Net: NetName=POWER_GND Pin=R18-1
Added Pin To Net: NetName=POWER_GND Pin=R25-1
Added Pin To Net: NetName=POWER_GND Pin=R29-1
Added Pin To Net: NetName=POWER_GND Pin=R34-1
Added Pin To Net: NetName=POWER_GND Pin=R44-1
Added Pin To Net: NetName=POWER_GND Pin=R50-1
Added Pin To Net: NetName=POWER_GND Pin=R53-2
Added Pin To Net: NetName=POWER_GND Pin=U1-1
Added Pin To Net: NetName=POWER_GND Pin=U1-1
Added Pin To Net: NetName=POWER_GND Pin=U10-9
Added Pin To Net: NetName=POWER_GND Pin=U11-9
Added Pin To Net: NetName=POWER_GND Pin=U12-9
Added Net: Name=POWER_GND
Added Pin To Net: NetName=PWM_C Pin=D2-2
Added Pin To Net: NetName=PWM_C Pin=R6-1
Added Pin To Net: NetName=PWM_C Pin=U5-5
Added Net: Name=PWM_C
Added Pin To Net: NetName=PWM_W Pin=U8-5
Added Net: Name=PWM_W
Added Pin To Net: NetName=ROTARY_KEY Pin=C60-2
Added Pin To Net: NetName=ROTARY_KEY Pin=R79-1
Added Net: Name=ROTARY_KEY
Added Pin To Net: NetName=ROTARY_M1 Pin=C57-2
Added Pin To Net: NetName=ROTARY_M1 Pin=R78-1
Added Net: Name=ROTARY_M1
Added Pin To Net: NetName=ROTARY_M2 Pin=C58-2
Added Pin To Net: NetName=ROTARY_M2 Pin=R81-2
Added Net: Name=ROTARY_M2
Added Pin To Net: NetName=SCL Pin=R84-1
Added Pin To Net: NetName=SCL Pin=U15-6
Added Net: Name=SCL
Added Pin To Net: NetName=SDA Pin=C72-2
Added Pin To Net: NetName=SDA Pin=R85-1
Added Pin To Net: NetName=SDA Pin=U15-5
Added Net: Name=SDA
Added Pin To Net: NetName=SWCLK Pin=*-3
Added Pin To Net: NetName=SWCLK Pin=U13-49
Added Net: Name=SWCLK
Added Pin To Net: NetName=SWDATA Pin=*-2
Added Pin To Net: NetName=SWDATA Pin=U13-46
Added Net: Name=SWDATA
Added Pin To Net: NetName=TEMPERATURE Pin=C23-2
Added Pin To Net: NetName=TEMPERATURE Pin=H4-2
Added Pin To Net: NetName=TEMPERATURE Pin=R35-1
Added Net: Name=TEMPERATURE
Added Pin To Net: NetName=TILT_ADC Pin=D3-2
Added Pin To Net: NetName=TILT_ADC Pin=R54-1
Added Net: Name=TILT_ADC
Added Pin To Net: NetName=VIN_ADC Pin=C37-2
Added Pin To Net: NetName=VIN_ADC Pin=R52-1
Added Pin To Net: NetName=VIN_ADC Pin=R57-2
Added Net: Name=VIN_ADC
Added Pin To Net: NetName=ZOOM_ADC Pin=D4-2
Added Pin To Net: NetName=ZOOM_ADC Pin=R55-1
Added Net: Name=ZOOM_ADC
Added Class: Name=Sheet1
Added Room: Name=Sheet1
