Remove Pin=U13A-2 From Net=M_TILT_PH
Remove Pin=U13A-3 From Net=M_ZOOM_FAULT
Remove Pin=U13A-4 From Net=M_ZOOM_PH
Remove Pin=U13A-8 From Net=ADC_W
Remove Pin=U13A-9 From Net=ADC_C
Remove Pin=U13A-10 From Net=M_PAN_IPROPI
Remove Pin=U13A-11 From Net=M_TILT_IPROPI
Remove Pin=U13A-14 From Net=M_ZOOM_IPROPI
Remove Pin=U13A-54 From Net=M_PAN_FAULT
Remove Pin=U13A-55 From Net=M_PAN_PH
Remove Pin=U13A-56 From Net=PWM_W
Remove Pin=U13A-57 From Net=PWM_C
Remove Pin=U13A-58 From Net=M_PAN_EN
Remove Pin=U13A-59 From Net=M_TILT_EN
Remove Pin=U13A-61 From Net=M_ZOOM_EN
Remove Pin=U13A-62 From Net=M_TILT_FAULT
Change Component Designator: OldDesignator=* NewDesignator=*1
Change Component Designator: OldDesignator=C1 NewDesignator=C6
Change Component Designator: OldDesignator=C2 NewDesignator=C10
Change Component Designator: OldDesignator=C3 NewDesignator=C7
Change Component Designator: OldDesignator=C4 NewDesignator=C11
Change Component Designator: OldDesignator=C5 NewDesignator=C4
Change Component Designator: OldDesignator=C6 NewDesignator=C2
Change Component Designator: OldDesignator=C7 NewDesignator=C3
Change Component Designator: OldDesignator=C8 NewDesignator=C29
Change Component Designator: OldDesignator=C9 NewDesignator=C12
Change Component Designator: OldDesignator=C10 NewDesignator=C18
Change Component Designator: OldDesignator=C11 NewDesignator=C21
Change Component Designator: OldDesignator=C12 NewDesignator=C17
Change Component Designator: OldDesignator=C13 NewDesignator=C19
Change Component Designator: OldDesignator=C14 NewDesignator=C22
Change Component Designator: OldDesignator=C15 NewDesignator=C25
Change Component Designator: OldDesignator=C16 NewDesignator=C34
Change Component Designator: OldDesignator=C17 NewDesignator=C33
Change Component Designator: OldDesignator=C18 NewDesignator=C27
Change Component Designator: OldDesignator=C19 NewDesignator=C23
Change Component Designator: OldDesignator=C20 NewDesignator=C28
Change Component Designator: OldDesignator=C21 NewDesignator=C8
Change Component Designator: OldDesignator=C22 NewDesignator=C24
Change Component Designator: OldDesignator=C23 NewDesignator=C1
Change Component Designator: OldDesignator=C24 NewDesignator=C26
Change Component Designator: OldDesignator=C25 NewDesignator=C39
Change Component Designator: OldDesignator=C26 NewDesignator=C40
Change Component Designator: OldDesignator=C27 NewDesignator=C41
Change Component Designator: OldDesignator=C28 NewDesignator=C32
Change Component Designator: OldDesignator=C29 NewDesignator=C16
Change Component Designator: OldDesignator=C30 NewDesignator=C43
Change Component Designator: OldDesignator=C31 NewDesignator=C20
Change Component Designator: OldDesignator=C32 NewDesignator=C15
Change Component Designator: OldDesignator=C33 NewDesignator=C55
Change Component Designator: OldDesignator=C34 NewDesignator=C37
Change Component Designator: OldDesignator=C35 NewDesignator=C58
Change Component Designator: OldDesignator=C36 NewDesignator=C70
Change Component Designator: OldDesignator=C37 NewDesignator=C5
Change Component Designator: OldDesignator=C38 NewDesignator=C68
Change Component Designator: OldDesignator=C39 NewDesignator=C69
Change Component Designator: OldDesignator=C40 NewDesignator=C67
Change Component Designator: OldDesignator=C41 NewDesignator=C50
Change Component Designator: OldDesignator=C42 NewDesignator=C51
Change Component Designator: OldDesignator=C43 NewDesignator=C49
Change Component Designator: OldDesignator=C44 NewDesignator=C38
Change Component Designator: OldDesignator=C45 NewDesignator=C31
Change Component Designator: OldDesignator=C46 NewDesignator=C47
Change Component Designator: OldDesignator=C47 NewDesignator=C60
Change Component Designator: OldDesignator=C48 NewDesignator=C59
Change Component Designator: OldDesignator=C49 NewDesignator=C56
Change Component Designator: OldDesignator=C50 NewDesignator=C62
Change Component Designator: OldDesignator=C51 NewDesignator=C63
Change Component Designator: OldDesignator=C52 NewDesignator=C61
Change Component Designator: OldDesignator=C53 NewDesignator=C42
Change Component Designator: OldDesignator=C54 NewDesignator=C53
Change Component Designator: OldDesignator=C55 NewDesignator=C52
Change Component Designator: OldDesignator=C56 NewDesignator=C30
Change Component Designator: OldDesignator=C57 NewDesignator=C35
Change Component Designator: OldDesignator=C58 NewDesignator=C36
Change Component Designator: OldDesignator=C59 NewDesignator=C46
Change Component Designator: OldDesignator=C60 NewDesignator=C9
Change Component Designator: OldDesignator=C61 NewDesignator=C48
Change Component Designator: OldDesignator=C62 NewDesignator=C45
Change Component Designator: OldDesignator=C63 NewDesignator=C44
Change Component Designator: OldDesignator=C64 NewDesignator=C66
Change Component Designator: OldDesignator=C66 NewDesignator=C54
Change Component Designator: OldDesignator=C67 NewDesignator=C57
Change Component Designator: OldDesignator=C68 NewDesignator=C64
Change Component Designator: OldDesignator=C69 NewDesignator=C14
Change Component Designator: OldDesignator=C70 NewDesignator=C72
Change Component Designator: OldDesignator=C72 NewDesignator=C13
Change Component Designator: OldDesignator=D3 NewDesignator=D6
Change Component Designator: OldDesignator=D4 NewDesignator=D5
Change Component Designator: OldDesignator=D5 NewDesignator=D4
Change Component Designator: OldDesignator=D6 NewDesignator=D3
Change Component Designator: OldDesignator=GSM NewDesignator=GSM1
Change Component Designator: OldDesignator=H1 NewDesignator=H4
Change Component Designator: OldDesignator=H2 NewDesignator=H1
Change Component Designator: OldDesignator=H3 NewDesignator=H2
Change Component Designator: OldDesignator=H4 NewDesignator=H3
Change Component Designator: OldDesignator=H5 NewDesignator=H6
Change Component Designator: OldDesignator=H6 NewDesignator=H5
Change Component Designator: OldDesignator=J1 NewDesignator=J3
Change Component Designator: OldDesignator=J3 NewDesignator=J1
Change Component Designator: OldDesignator=J4 NewDesignator=J6
Change Component Designator: OldDesignator=J6 NewDesignator=J4
Change Component Designator: OldDesignator=Q2 NewDesignator=Q3
Change Component Designator: OldDesignator=Q3 NewDesignator=Q2
Change Component Designator: OldDesignator=R1 NewDesignator=R87
Change Component Designator: OldDesignator=R3 NewDesignator=R15
Change Component Designator: OldDesignator=R4 NewDesignator=R17
Change Component Designator: OldDesignator=R5 NewDesignator=R24
Change Component Designator: OldDesignator=R6 NewDesignator=R10
Change Component Designator: OldDesignator=R7 NewDesignator=R4
Change Component Designator: OldDesignator=R8 NewDesignator=R7
Change Component Designator: OldDesignator=R9 NewDesignator=R16
Change Component Designator: OldDesignator=R10 NewDesignator=R23
Change Component Designator: OldDesignator=R11 NewDesignator=R47
Change Component Designator: OldDesignator=R12 NewDesignator=R9
Change Component Designator: OldDesignator=R14 NewDesignator=R34
Change Component Designator: OldDesignator=R15 NewDesignator=R35
Change Component Designator: OldDesignator=R16 NewDesignator=R25
Change Component Designator: OldDesignator=R17 NewDesignator=R31
Change Component Designator: OldDesignator=R18 NewDesignator=R46
Change Component Designator: OldDesignator=R19 NewDesignator=R27
Change Component Designator: OldDesignator=R20 NewDesignator=R48
Change Component Designator: OldDesignator=R21 NewDesignator=R40
Change Component Designator: OldDesignator=R22 NewDesignator=R44
Change Component Designator: OldDesignator=R23 NewDesignator=R51
Change Component Designator: OldDesignator=R24 NewDesignator=R22
Change Component Designator: OldDesignator=R25 NewDesignator=R89
Change Component Designator: OldDesignator=R26 NewDesignator=R45
Change Component Designator: OldDesignator=R27 NewDesignator=R50
Change Component Designator: OldDesignator=R28 NewDesignator=R11
Change Component Designator: OldDesignator=R29 NewDesignator=R21
Change Component Designator: OldDesignator=R30 NewDesignator=R3
Change Component Designator: OldDesignator=R31 NewDesignator=R41
Change Component Designator: OldDesignator=R32 NewDesignator=R8
Change Component Designator: OldDesignator=R33 NewDesignator=R12
Change Component Designator: OldDesignator=R34 NewDesignator=R29
Change Component Designator: OldDesignator=R35 NewDesignator=R6
Change Component Designator: OldDesignator=R36 NewDesignator=R14
Change Component Designator: OldDesignator=R37 NewDesignator=R42
Change Component Designator: OldDesignator=R38 NewDesignator=R59
Change Component Designator: OldDesignator=R39 NewDesignator=R65
Change Component Designator: OldDesignator=R40 NewDesignator=R30
Change Component Designator: OldDesignator=R41 NewDesignator=R56
Change Component Designator: OldDesignator=R42 NewDesignator=R32
Change Component Designator: OldDesignator=R44 NewDesignator=R64
Change Component Designator: OldDesignator=R45 NewDesignator=R28
Change Component Designator: OldDesignator=R46 NewDesignator=R66
Change Component Designator: OldDesignator=R47 NewDesignator=R39
Change Component Designator: OldDesignator=R48 NewDesignator=R26
Change Component Designator: OldDesignator=R49 NewDesignator=R33
Change Component Designator: OldDesignator=R50 NewDesignator=R88
Change Component Designator: OldDesignator=R51 NewDesignator=R63
Change Component Designator: OldDesignator=R52 NewDesignator=R1
Change Component Designator: OldDesignator=R53 NewDesignator=R20
Change Component Designator: OldDesignator=R54 NewDesignator=R84
Change Component Designator: OldDesignator=R55 NewDesignator=R85
Change Component Designator: OldDesignator=R56 NewDesignator=R83
Change Component Designator: OldDesignator=R57 NewDesignator=R5
Change Component Designator: OldDesignator=R58 NewDesignator=R71
Change Component Designator: OldDesignator=R59 NewDesignator=R54
Change Component Designator: OldDesignator=R60 NewDesignator=R68
Change Component Designator: OldDesignator=R61 NewDesignator=R70
Change Component Designator: OldDesignator=R62 NewDesignator=R57
Change Component Designator: OldDesignator=R63 NewDesignator=R67
Change Component Designator: OldDesignator=R64 NewDesignator=R69
Change Component Designator: OldDesignator=R65 NewDesignator=R60
Change Component Designator: OldDesignator=R66 NewDesignator=R75
Change Component Designator: OldDesignator=R67 NewDesignator=R77
Change Component Designator: OldDesignator=R68 NewDesignator=R72
Change Component Designator: OldDesignator=R69 NewDesignator=R82
Change Component Designator: OldDesignator=R70 NewDesignator=R81
Change Component Designator: OldDesignator=R71 NewDesignator=R76
Change Component Designator: OldDesignator=R72 NewDesignator=R80
Change Component Designator: OldDesignator=R73 NewDesignator=R55
Change Component Designator: OldDesignator=R74 NewDesignator=R73
Change Component Designator: OldDesignator=R75 NewDesignator=R78
Change Component Designator: OldDesignator=R76 NewDesignator=R79
Change Component Designator: OldDesignator=R77 NewDesignator=R62
Change Component Designator: OldDesignator=R78 NewDesignator=R52
Change Component Designator: OldDesignator=R79 NewDesignator=R18
Change Component Designator: OldDesignator=R80 NewDesignator=R19
Change Component Designator: OldDesignator=R81 NewDesignator=R53
Change Component Designator: OldDesignator=R82 NewDesignator=R86
Change Component Designator: OldDesignator=R83 NewDesignator=R37
Change Component Designator: OldDesignator=R84 NewDesignator=R36
Change Component Designator: OldDesignator=R85 NewDesignator=R38
Change Component Designator: OldDesignator=R86 NewDesignator=R58
Change Component Designator: OldDesignator=R87 NewDesignator=R49
Change Component Designator: OldDesignator=R88 NewDesignator=R61
Change Component Designator: OldDesignator=R89 NewDesignator=R74
Change Component Designator: OldDesignator=U1 NewDesignator=U3
Change Component Designator: OldDesignator=U3 NewDesignator=U11
Change Component Designator: OldDesignator=U3 NewDesignator=U11
Change Component Designator: OldDesignator=U4 NewDesignator=U7
Change Component Designator: OldDesignator=U6 NewDesignator=U1
Change Component Designator: OldDesignator=U7 NewDesignator=U9
Change Component Designator: OldDesignator=U8 NewDesignator=U6
Change Component Designator: OldDesignator=U9 NewDesignator=U12
Change Component Designator: OldDesignator=U10 NewDesignator=U15
Change Component Designator: OldDesignator=U11 NewDesignator=U16
Change Component Designator: OldDesignator=U12 NewDesignator=U14
Change Component Designator: OldDesignator=U13 NewDesignator=U8
Change Component Designator: OldDesignator=U13 NewDesignator=U8
Change Component Designator: OldDesignator=U14 NewDesignator=U13
Change Component Designator: OldDesignator=U15 NewDesignator=U4
Change Component Designator: OldDesignator=U16 NewDesignator=U10
